Detecting C [-std=c11] compiler features failed to compile with the following output:
Change Dir: /home/seunghwan/catkin_ws/src/wstation_cyglidar/build/CMakeFiles/CMakeTmp

Run Build Command:"/usr/bin/ninja" "cmTC_38d5d"
[1/2] Building C object CMakeFiles/cmTC_38d5d.dir/feature_tests.c.o
FAILED: CMakeFiles/cmTC_38d5d.dir/feature_tests.c.o 
/usr/bin/c89-gcc   -std=c11 -o CMakeFiles/cmTC_38d5d.dir/feature_tests.c.o   -c /home/seunghwan/catkin_ws/src/wstation_cyglidar/build/CMakeFiles/feature_tests.c
c89-gcc called with non ANSI/ISO C option -std=c11
ninja: build stopped: subcommand failed.



Determining if the pthread_create exist failed with the following output:
Change Dir: /home/seunghwan/catkin_ws/src/wstation_cyglidar/build/CMakeFiles/CMakeTmp

Run Build Command:"/usr/bin/ninja" "cmTC_d8f8d"
[1/2] Building C object CMakeFiles/cmTC_d8f8d.dir/CheckSymbolExists.c.o
[2/2] Linking C executable cmTC_d8f8d
FAILED: cmTC_d8f8d 
: && /usr/bin/c89-gcc   -rdynamic CMakeFiles/cmTC_d8f8d.dir/CheckSymbolExists.c.o  -o cmTC_d8f8d   && :
CMakeFiles/cmTC_d8f8d.dir/CheckSymbolExists.c.o: In function `main':
CheckSymbolExists.c:(.text+0x1b): undefined reference to `pthread_create'
collect2: error: ld returned 1 exit status
ninja: build stopped: subcommand failed.

File /home/seunghwan/catkin_ws/src/wstation_cyglidar/build/CMakeFiles/CMakeTmp/CheckSymbolExists.c:
/* */
#include <pthread.h>

int main(int argc, char** argv)
{
  (void)argv;
#ifndef pthread_create
  return ((int*)(&pthread_create))[argc];
#else
  (void)argc;
  return 0;
#endif
}

Determining if the function pthread_create exists in the pthreads failed with the following output:
Change Dir: /home/seunghwan/catkin_ws/src/wstation_cyglidar/build/CMakeFiles/CMakeTmp

Run Build Command:"/usr/bin/ninja" "cmTC_784f1"
[1/2] Building C object CMakeFiles/cmTC_784f1.dir/CheckFunctionExists.c.o
[2/2] Linking C executable cmTC_784f1
FAILED: cmTC_784f1 
: && /usr/bin/c89-gcc -DCHECK_FUNCTION_EXISTS=pthread_create  -rdynamic CMakeFiles/cmTC_784f1.dir/CheckFunctionExists.c.o  -o cmTC_784f1  -lpthreads && :
/usr/bin/ld: cannot find -lpthreads
collect2: error: ld returned 1 exit status
ninja: build stopped: subcommand failed.


